Build started 2016/2/29 下午 02:29:40.
     1>Project "D:\document\各種課程的資料\104下\電腦圖學概論\Reversi_skeleton\Reversi\Reversi.vcxproj" on node 2 (build target(s)).
     1>InitializeBuildStatus:
         Creating "Debug\Reversi.unsuccessfulbuild" because "AlwaysCreate" was specified.
       ClCompile:
         C:\Program Files (x86)\Microsoft Visual Studio 10.0\VC\bin\CL.exe /c /ZI /nologo /W3 /WX- /Od /Oy- /D WIN32 /D _DEBUG /D _CONSOLE /D _UNICODE /D UNICODE /Gm /EHsc /RTC1 /MDd /GS /fp:precise /Zc:wchar_t /Zc:forScope /Fo"Debug\\" /Fd"Debug\vc100.pdb" /Gd /TP /analyze- /errorReport:prompt Main.cpp Reversi.cpp
         Reversi.cpp
     1>d:\document\各種課程的資料\104下\電腦圖學概論\reversi_skeleton\reversi\reversi.cpp(21): warning C4482: nonstandard extension used: enum 'Checkerboard::InfoValue' used in qualified name
     1>d:\document\各種課程的資料\104下\電腦圖學概論\reversi_skeleton\reversi\reversi.cpp(25): warning C4482: nonstandard extension used: enum 'Checkerboard::InfoValue' used in qualified name
     1>d:\document\各種課程的資料\104下\電腦圖學概論\reversi_skeleton\reversi\reversi.cpp(29): warning C4482: nonstandard extension used: enum 'Checkerboard::InfoValue' used in qualified name
     1>d:\document\各種課程的資料\104下\電腦圖學概論\reversi_skeleton\reversi\reversi.cpp(71): warning C4482: nonstandard extension used: enum 'Checkerboard::InfoValue' used in qualified name
     1>d:\document\各種課程的資料\104下\電腦圖學概論\reversi_skeleton\reversi\reversi.cpp(74): warning C4482: nonstandard extension used: enum 'Checkerboard::InfoValue' used in qualified name
     1>d:\document\各種課程的資料\104下\電腦圖學概論\reversi_skeleton\reversi\reversi.cpp(77): warning C4482: nonstandard extension used: enum 'Checkerboard::InfoValue' used in qualified name
     1>d:\document\各種課程的資料\104下\電腦圖學概論\reversi_skeleton\reversi\reversi.cpp(80): warning C4482: nonstandard extension used: enum 'Checkerboard::InfoValue' used in qualified name
     1>d:\document\各種課程的資料\104下\電腦圖學概論\reversi_skeleton\reversi\reversi.cpp(83): warning C4482: nonstandard extension used: enum 'Checkerboard::InfoValue' used in qualified name
         Generating Code...
         Skipping... (no relevant changes detected)
         Main.cpp
       ManifestResourceCompile:
         All outputs are up-to-date.
       Link:
         C:\Program Files (x86)\Microsoft Visual Studio 10.0\VC\bin\link.exe /ERRORREPORT:PROMPT /OUT:"D:\document\各種課程的資料\104下\電腦圖學概論\Reversi_skeleton\Debug\Reversi.exe" /INCREMENTAL /NOLOGO kernel32.lib user32.lib gdi32.lib winspool.lib comdlg32.lib advapi32.lib shell32.lib ole32.lib oleaut32.lib uuid.lib odbc32.lib odbccp32.lib /MANIFEST /ManifestFile:"Debug\Reversi.exe.intermediate.manifest" /MANIFESTUAC:"level='asInvoker' uiAccess='false'" /DEBUG /PDB:"D:\document\各種課程的資料\104下\電腦圖學概論\Reversi_skeleton\Debug\Reversi.pdb" /SUBSYSTEM:WINDOWS /TLBID:1 /DYNAMICBASE /NXCOMPAT /IMPLIB:"D:\document\各種課程的資料\104下\電腦圖學概論\Reversi_skeleton\Debug\Reversi.lib" /MACHINE:X86 Debug\Reversi.exe.embed.manifest.res
         Debug\Main.obj
         Debug\Reversi.obj
       Manifest:
         C:\Program Files (x86)\Microsoft SDKs\Windows\v7.0A\bin\mt.exe /nologo /verbose /out:"Debug\Reversi.exe.embed.manifest" /manifest Debug\Reversi.exe.intermediate.manifest
         All outputs are up-to-date.
       LinkEmbedManifest:
         All outputs are up-to-date.
         Reversi.vcxproj -> D:\document\各種課程的資料\104下\電腦圖學概論\Reversi_skeleton\Debug\Reversi.exe
       FinalizeBuildStatus:
         Deleting file "Debug\Reversi.unsuccessfulbuild".
         Touching "Debug\Reversi.lastbuildstate".
     1>Done Building Project "D:\document\各種課程的資料\104下\電腦圖學概論\Reversi_skeleton\Reversi\Reversi.vcxproj" (build target(s)).

Build succeeded.

Time Elapsed 00:00:00.69
